
  [4;36;1mSQL (0.2ms)[0m   [0;1m SELECT name
 FROM sqlite_master
 WHERE type = 'table' AND NOT name = 'sqlite_sequence'
[0m
  [4;35;1mSQL (0.1ms)[0m   [0mselect sqlite_version(*)[0m
  [4;36;1mSQL (0.6ms)[0m   [0;1mCREATE TABLE "schema_migrations" ("version" varchar(255) NOT NULL) [0m
  [4;35;1mSQL (0.4ms)[0m   [0mCREATE UNIQUE INDEX "unique_schema_migrations" ON "schema_migrations" ("version")[0m
  [4;36;1mSQL (0.1ms)[0m   [0;1m SELECT name
 FROM sqlite_master
 WHERE type = 'table' AND NOT name = 'sqlite_sequence'
[0m
  [4;35;1mSQL (0.1ms)[0m   [0mSELECT version FROM schema_migrations[0m
Migrating to CreateUsers (20110505172943)
  [4;36;1mSQL (0.3ms)[0m   [0;1mCREATE TABLE "users" ("id" INTEGER PRIMARY KEY AUTOINCREMENT NOT NULL, "name" varchar(255), "email" varchar(255), "created_at" datetime, "updated_at" datetime) [0m
  [4;35;1mSQL (0.1ms)[0m   [0mINSERT INTO schema_migrations (version) VALUES ('20110505172943')[0m
  [4;36;1mSQL (0.2ms)[0m   [0;1m SELECT name
 FROM sqlite_master
 WHERE type = 'table' AND NOT name = 'sqlite_sequence'
[0m
  [4;35;1mSQL (0.1ms)[0m   [0mSELECT version FROM schema_migrations[0m
  [4;36;1mSQL (0.1ms)[0m   [0;1m SELECT name
 FROM sqlite_master
 WHERE type = 'table' AND NOT name = 'sqlite_sequence'
[0m
  [4;35;1mSQL (0.0ms)[0m   [0mPRAGMA index_list("users")[0m


Processing UsersController#index (for 127.0.0.1 at 2011-05-05 13:30:25) [GET]
  [4;36;1mUser Load (0.3ms)[0m   [0;1mSELECT * FROM "users" [0m
Rendering template within layouts/users
Rendering users/index
Completed in 38ms (View: 35, DB: 0) | 200 OK [http://localhost/users]


Processing UsersController#show (for 127.0.0.1 at 2011-05-05 13:30:32) [GET]
  Parameters: {"id"=>"1"}
  [4;35;1mUser Load (0.1ms)[0m   [0mSELECT * FROM "users" WHERE ("users"."id" = 1) [0m

ActiveRecord::RecordNotFound (Couldn't find User with ID=1):
  app/controllers/users_controller.rb:16:in `show'

Rendered rescues/_trace (61.9ms)
Rendered rescues/_request_and_response (0.9ms)
Rendering rescues/layout (not_found)


Processing UsersController#new (for 127.0.0.1 at 2011-05-05 13:30:41) [GET]
Rendering template within layouts/users
Rendering users/new
Completed in 10ms (View: 6, DB: 0) | 200 OK [http://localhost/users/new]


Processing UsersController#edit (for 127.0.0.1 at 2011-05-05 13:30:51) [GET]
  Parameters: {"id"=>"1"}
  [4;36;1mUser Load (0.1ms)[0m   [0;1mSELECT * FROM "users" WHERE ("users"."id" = 1) [0m

ActiveRecord::RecordNotFound (Couldn't find User with ID=1):
  app/controllers/users_controller.rb:37:in `edit'

Rendered rescues/_trace (30.0ms)
Rendered rescues/_request_and_response (0.2ms)
Rendering rescues/layout (not_found)


Processing UsersController#new (for 127.0.0.1 at 2011-05-05 13:35:34) [GET]
Rendering template within layouts/users
Rendering users/new
Completed in 6ms (View: 3, DB: 0) | 200 OK [http://localhost/users/new]


Processing UsersController#create (for 127.0.0.1 at 2011-05-05 13:36:06) [POST]
  Parameters: {"commit"=>"Create", "authenticity_token"=>"AS3zzYBUJs/IEqcMxaS/oHbj/Hym1vaflgpp6dqqIKw=", "user"=>{"name"=>"Tommy", "email"=>"tom_tellier@hotmail.com"}}
  [4;35;1mUser Create (0.5ms)[0m   [0mINSERT INTO "users" ("name", "created_at", "updated_at", "email") VALUES('Tommy', '2011-05-05 17:36:06', '2011-05-05 17:36:06', 'tom_tellier@hotmail.com')[0m
Redirected to http://localhost:3000/users/1
Completed in 7ms (DB: 0) | 302 Found [http://localhost/users]


Processing UsersController#show (for 127.0.0.1 at 2011-05-05 13:36:06) [GET]
  Parameters: {"id"=>"1"}
  [4;36;1mUser Load (0.1ms)[0m   [0;1mSELECT * FROM "users" WHERE ("users"."id" = 1) [0m
Rendering template within layouts/users
Rendering users/show
Completed in 8ms (View: 4, DB: 0) | 200 OK [http://localhost/users/1]


Processing UsersController#edit (for 127.0.0.1 at 2011-05-05 13:36:10) [GET]
  Parameters: {"id"=>"1"}
  [4;35;1mUser Load (0.1ms)[0m   [0mSELECT * FROM "users" WHERE ("users"."id" = 1) [0m
Rendering template within layouts/users
Rendering users/edit
Completed in 9ms (View: 6, DB: 0) | 200 OK [http://localhost/users/1/edit]


Processing UsersController#update (for 127.0.0.1 at 2011-05-05 13:36:11) [PUT]
  Parameters: {"commit"=>"Update", "authenticity_token"=>"AS3zzYBUJs/IEqcMxaS/oHbj/Hym1vaflgpp6dqqIKw=", "id"=>"1", "user"=>{"name"=>"Tommy", "email"=>"tom_tellier@hotmail.com"}}
  [4;36;1mUser Load (0.1ms)[0m   [0;1mSELECT * FROM "users" WHERE ("users"."id" = 1) [0m
Redirected to http://localhost:3000/users/1
Completed in 6ms (DB: 0) | 302 Found [http://localhost/users/1]


Processing UsersController#show (for 127.0.0.1 at 2011-05-05 13:36:11) [GET]
  Parameters: {"id"=>"1"}
  [4;35;1mUser Load (0.3ms)[0m   [0mSELECT * FROM "users" WHERE ("users"."id" = 1) [0m
Rendering template within layouts/users
Rendering users/show
Completed in 8ms (View: 2, DB: 0) | 200 OK [http://localhost/users/1]


Processing UsersController#index (for 127.0.0.1 at 2011-05-05 13:36:12) [GET]
  [4;36;1mUser Load (0.3ms)[0m   [0;1mSELECT * FROM "users" [0m
Rendering template within layouts/users
Rendering users/index
Completed in 7ms (View: 4, DB: 0) | 200 OK [http://localhost/users]


Processing UsersController#show (for 127.0.0.1 at 2011-05-05 13:36:20) [GET]
  Parameters: {"id"=>"1"}
  [4;35;1mUser Load (0.2ms)[0m   [0mSELECT * FROM "users" WHERE ("users"."id" = 1) [0m
Rendering template within layouts/users
Rendering users/show
Completed in 5ms (View: 2, DB: 0) | 200 OK [http://localhost/users/1]


Processing UsersController#index (for 127.0.0.1 at 2011-05-05 13:36:42) [GET]
  [4;36;1mUser Load (0.3ms)[0m   [0;1mSELECT * FROM "users" [0m
Rendering template within layouts/users
Rendering users/index
Completed in 8ms (View: 4, DB: 0) | 200 OK [http://localhost/users/]


Processing UsersController#new (for 127.0.0.1 at 2011-05-05 13:36:44) [GET]
Rendering template within layouts/users
Rendering users/new
Completed in 7ms (View: 3, DB: 0) | 200 OK [http://localhost/users/new]


Processing UsersController#create (for 127.0.0.1 at 2011-05-05 13:36:55) [POST]
  Parameters: {"commit"=>"Create", "authenticity_token"=>"AS3zzYBUJs/IEqcMxaS/oHbj/Hym1vaflgpp6dqqIKw=", "user"=>{"name"=>"Humanob", "email"=>"humanob@humanob.com"}}
  [4;35;1mUser Create (0.4ms)[0m   [0mINSERT INTO "users" ("name", "created_at", "updated_at", "email") VALUES('Humanob', '2011-05-05 17:36:55', '2011-05-05 17:36:55', 'humanob@humanob.com')[0m
Redirected to http://localhost:3000/users/2
Completed in 79ms (DB: 0) | 302 Found [http://localhost/users]


Processing UsersController#show (for 127.0.0.1 at 2011-05-05 13:36:56) [GET]
  Parameters: {"id"=>"2"}
  [4;36;1mUser Load (0.1ms)[0m   [0;1mSELECT * FROM "users" WHERE ("users"."id" = 2) [0m
Rendering template within layouts/users
Rendering users/show
Completed in 6ms (View: 2, DB: 0) | 200 OK [http://localhost/users/2]


Processing UsersController#index (for 127.0.0.1 at 2011-05-05 13:37:08) [GET]
  [4;35;1mUser Load (0.4ms)[0m   [0mSELECT * FROM "users" [0m
Rendering template within layouts/users
Rendering users/index
Completed in 9ms (View: 5, DB: 0) | 200 OK [http://localhost/users/]
  [4;36;1mSQL (0.3ms)[0m   [0;1m SELECT name
 FROM sqlite_master
 WHERE type = 'table' AND NOT name = 'sqlite_sequence'
[0m
  [4;35;1mSQL (0.1ms)[0m   [0mSELECT version FROM schema_migrations[0m
Migrating to CreateUsers (20110505172943)
Migrating to CreateMicroposts (20110505175116)
  [4;36;1mSQL (0.3ms)[0m   [0;1mselect sqlite_version(*)[0m
  [4;35;1mSQL (0.3ms)[0m   [0mCREATE TABLE "microposts" ("id" INTEGER PRIMARY KEY AUTOINCREMENT NOT NULL, "content" varchar(255), "user_id" integer, "created_at" datetime, "updated_at" datetime) [0m
  [4;36;1mSQL (0.1ms)[0m   [0;1mINSERT INTO schema_migrations (version) VALUES ('20110505175116')[0m
  [4;35;1mSQL (0.2ms)[0m   [0m SELECT name
 FROM sqlite_master
 WHERE type = 'table' AND NOT name = 'sqlite_sequence'
[0m
  [4;36;1mSQL (0.1ms)[0m   [0;1mSELECT version FROM schema_migrations[0m
  [4;35;1mSQL (0.1ms)[0m   [0m SELECT name
 FROM sqlite_master
 WHERE type = 'table' AND NOT name = 'sqlite_sequence'
[0m
  [4;36;1mSQL (0.0ms)[0m   [0;1mPRAGMA index_list("microposts")[0m
  [4;35;1mSQL (0.0ms)[0m   [0mPRAGMA index_list("users")[0m


Processing ApplicationController#index (for 127.0.0.1 at 2011-05-05 13:51:51) [GET]

ActionController::RoutingError (No route matches "/micropost" with {:method=>:get}):
  

Rendering rescues/layout (not_found)


Processing MicropostsController#index (for 127.0.0.1 at 2011-05-05 13:51:56) [GET]
  [4;36;1mMicropost Load (0.3ms)[0m   [0;1mSELECT * FROM "microposts" [0m
Rendering template within layouts/microposts
Rendering microposts/index
Completed in 18ms (View: 15, DB: 0) | 200 OK [http://localhost/microposts]


Processing MicropostsController#new (for 127.0.0.1 at 2011-05-05 13:51:59) [GET]
Rendering template within layouts/microposts
Rendering microposts/new
Completed in 10ms (View: 6, DB: 0) | 200 OK [http://localhost/microposts/new]


Processing MicropostsController#create (for 127.0.0.1 at 2011-05-05 13:52:10) [POST]
  Parameters: {"commit"=>"Create", "micropost"=>{"user_id"=>"Tommy", "content"=>" salut tabarnak"}, "authenticity_token"=>"AS3zzYBUJs/IEqcMxaS/oHbj/Hym1vaflgpp6dqqIKw="}
  [4;35;1mMicropost Create (0.5ms)[0m   [0mINSERT INTO "microposts" ("created_at", "updated_at", "user_id", "content") VALUES('2011-05-05 17:52:10', '2011-05-05 17:52:10', 0, ' salut tabarnak')[0m
Redirected to http://localhost:3000/microposts/1
Completed in 7ms (DB: 0) | 302 Found [http://localhost/microposts]


Processing MicropostsController#show (for 127.0.0.1 at 2011-05-05 13:52:10) [GET]
  Parameters: {"id"=>"1"}
  [4;36;1mMicropost Load (0.1ms)[0m   [0;1mSELECT * FROM "microposts" WHERE ("microposts"."id" = 1) [0m
Rendering template within layouts/microposts
Rendering microposts/show
Completed in 8ms (View: 5, DB: 0) | 200 OK [http://localhost/microposts/1]


Processing MicropostsController#index (for 127.0.0.1 at 2011-05-05 13:52:12) [GET]
  [4;35;1mMicropost Load (0.3ms)[0m   [0mSELECT * FROM "microposts" [0m
Rendering template within layouts/microposts
Rendering microposts/index
Completed in 7ms (View: 4, DB: 0) | 200 OK [http://localhost/microposts]


Processing MicropostsController#index (for 127.0.0.1 at 2011-05-05 13:57:32) [GET]
  [4;36;1mSQL (0.4ms)[0m   [0;1m SELECT name
 FROM sqlite_master
 WHERE type = 'table' AND NOT name = 'sqlite_sequence'
[0m
  [4;35;1mSQL (0.2ms)[0m   [0m SELECT name
 FROM sqlite_master
 WHERE type = 'table' AND NOT name = 'sqlite_sequence'
[0m

NoMethodError (undefined method `validates' for #<Class:0x101ffea18>):
  app/models/micropost.rb:2
  app/controllers/microposts_controller.rb:5:in `index'

Rendered rescues/_trace (36.8ms)
Rendered rescues/_request_and_response (0.9ms)
Rendering rescues/layout (internal_server_error)


Processing MicropostsController#index (for 127.0.0.1 at 2011-05-05 13:57:46) [GET]
  [4;36;1mSQL (0.4ms)[0m   [0;1m SELECT name
 FROM sqlite_master
 WHERE type = 'table' AND NOT name = 'sqlite_sequence'
[0m
  [4;35;1mSQL (0.2ms)[0m   [0m SELECT name
 FROM sqlite_master
 WHERE type = 'table' AND NOT name = 'sqlite_sequence'
[0m

NoMethodError (undefined method `validates' for #<Class:0x10111d300>):
  app/models/micropost.rb:2
  app/controllers/microposts_controller.rb:5:in `index'

Rendered rescues/_trace (36.0ms)
Rendered rescues/_request_and_response (0.3ms)
Rendering rescues/layout (internal_server_error)


Processing MicropostsController#index (for 127.0.0.1 at 2011-05-05 13:58:15) [GET]
  [4;36;1mSQL (0.4ms)[0m   [0;1m SELECT name
 FROM sqlite_master
 WHERE type = 'table' AND NOT name = 'sqlite_sequence'
[0m
  [4;35;1mSQL (0.2ms)[0m   [0m SELECT name
 FROM sqlite_master
 WHERE type = 'table' AND NOT name = 'sqlite_sequence'
[0m

NoMethodError (undefined method `validates' for #<Class:0x101dd8b08>):
  app/models/micropost.rb:2
  app/controllers/microposts_controller.rb:5:in `index'

Rendered rescues/_trace (74.2ms)
Rendered rescues/_request_and_response (0.2ms)
Rendering rescues/layout (internal_server_error)


Processing MicropostsController#index (for 127.0.0.1 at 2011-05-05 13:58:25) [GET]
  [4;36;1mSQL (0.3ms)[0m   [0;1m SELECT name
 FROM sqlite_master
 WHERE type = 'table' AND NOT name = 'sqlite_sequence'
[0m
  [4;35;1mSQL (0.2ms)[0m   [0m SELECT name
 FROM sqlite_master
 WHERE type = 'table' AND NOT name = 'sqlite_sequence'
[0m

NoMethodError (undefined method `validates' for #<Class:0x102196718>):
  app/models/micropost.rb:2
  app/controllers/microposts_controller.rb:5:in `index'

Rendered rescues/_trace (35.3ms)
Rendered rescues/_request_and_response (0.2ms)
Rendering rescues/layout (internal_server_error)


Processing MicropostsController#index (for 127.0.0.1 at 2011-05-05 13:59:34) [GET]
  [4;36;1mSQL (0.4ms)[0m   [0;1m SELECT name
 FROM sqlite_master
 WHERE type = 'table' AND NOT name = 'sqlite_sequence'
[0m
  [4;35;1mSQL (0.2ms)[0m   [0m SELECT name
 FROM sqlite_master
 WHERE type = 'table' AND NOT name = 'sqlite_sequence'
[0m

NoMethodError (undefined method `validates' for #<Class:0x101695d78>):
  app/models/micropost.rb:2
  app/controllers/microposts_controller.rb:5:in `index'

Rendered rescues/_trace (71.4ms)
Rendered rescues/_request_and_response (0.3ms)
Rendering rescues/layout (internal_server_error)


Processing MicropostsController#index (for 127.0.0.1 at 2011-05-05 14:01:18) [GET]
  [4;36;1mSQL (0.3ms)[0m   [0;1m SELECT name
 FROM sqlite_master
 WHERE type = 'table' AND NOT name = 'sqlite_sequence'
[0m
  [4;35;1mSQL (0.1ms)[0m   [0m SELECT name
 FROM sqlite_master
 WHERE type = 'table' AND NOT name = 'sqlite_sequence'
[0m

NoMethodError (undefined method `validates' for #<Class:0x101f2e8e0>):
  app/models/micropost.rb:2
  app/controllers/microposts_controller.rb:5:in `index'

Rendered rescues/_trace (37.0ms)
Rendered rescues/_request_and_response (0.2ms)
Rendering rescues/layout (internal_server_error)


Processing MicropostsController#index (for 127.0.0.1 at 2011-05-05 14:01:46) [GET]
  [4;36;1mSQL (0.4ms)[0m   [0;1m SELECT name
 FROM sqlite_master
 WHERE type = 'table' AND NOT name = 'sqlite_sequence'
[0m
  [4;35;1mSQL (0.2ms)[0m   [0m SELECT name
 FROM sqlite_master
 WHERE type = 'table' AND NOT name = 'sqlite_sequence'
[0m

NoMethodError (undefined method `validates' for #<Class:0x101f08500>):
  app/models/micropost.rb:2
  app/controllers/microposts_controller.rb:5:in `index'

Rendered rescues/_trace (36.9ms)
Rendered rescues/_request_and_response (0.9ms)
Rendering rescues/layout (internal_server_error)


Processing MicropostsController#index (for 127.0.0.1 at 2011-05-05 14:01:48) [GET]
  [4;36;1mSQL (0.4ms)[0m   [0;1m SELECT name
 FROM sqlite_master
 WHERE type = 'table' AND NOT name = 'sqlite_sequence'
[0m
  [4;35;1mSQL (0.2ms)[0m   [0m SELECT name
 FROM sqlite_master
 WHERE type = 'table' AND NOT name = 'sqlite_sequence'
[0m

NoMethodError (undefined method `validates' for #<Class:0x1023b8528>):
  app/models/micropost.rb:2
  app/controllers/microposts_controller.rb:5:in `index'

Rendered rescues/_trace (33.8ms)
Rendered rescues/_request_and_response (0.2ms)
Rendering rescues/layout (internal_server_error)


Processing MicropostsController#index (for 127.0.0.1 at 2011-05-05 14:02:18) [GET]
  [4;36;1mSQL (0.3ms)[0m   [0;1m SELECT name
 FROM sqlite_master
 WHERE type = 'table' AND NOT name = 'sqlite_sequence'
[0m
  [4;35;1mSQL (0.2ms)[0m   [0m SELECT name
 FROM sqlite_master
 WHERE type = 'table' AND NOT name = 'sqlite_sequence'
[0m

NoMethodError (undefined method `validates' for #<Class:0x101d7a238>):
  app/models/micropost.rb:2
  app/controllers/microposts_controller.rb:5:in `index'

Rendered rescues/_trace (72.3ms)
Rendered rescues/_request_and_response (0.2ms)
Rendering rescues/layout (internal_server_error)


Processing MicropostsController#index (for 127.0.0.1 at 2011-05-05 14:03:49) [GET]
  [4;36;1mSQL (0.3ms)[0m   [0;1m SELECT name
 FROM sqlite_master
 WHERE type = 'table' AND NOT name = 'sqlite_sequence'
[0m
  [4;35;1mSQL (0.2ms)[0m   [0m SELECT name
 FROM sqlite_master
 WHERE type = 'table' AND NOT name = 'sqlite_sequence'
[0m

NoMethodError (undefined method `validates' for #<Class:0x102141970>):
  app/models/micropost.rb:2
  app/controllers/microposts_controller.rb:5:in `index'

Rendered rescues/_trace (34.1ms)
Rendered rescues/_request_and_response (0.2ms)
Rendering rescues/layout (internal_server_error)


Processing MicropostsController#index (for 127.0.0.1 at 2011-05-05 14:04:19) [GET]
  [4;36;1mSQL (0.4ms)[0m   [0;1m SELECT name
 FROM sqlite_master
 WHERE type = 'table' AND NOT name = 'sqlite_sequence'
[0m
  [4;35;1mSQL (0.2ms)[0m   [0m SELECT name
 FROM sqlite_master
 WHERE type = 'table' AND NOT name = 'sqlite_sequence'
[0m

NoMethodError (undefined method `validate_content' for #<Class:0x101699f90>):
  app/models/micropost.rb:2
  app/controllers/microposts_controller.rb:5:in `index'

Rendered rescues/_trace (71.9ms)
Rendered rescues/_request_and_response (0.2ms)
Rendering rescues/layout (internal_server_error)


Processing MicropostsController#index (for 127.0.0.1 at 2011-05-05 14:04:20) [GET]
  [4;36;1mSQL (0.4ms)[0m   [0;1m SELECT name
 FROM sqlite_master
 WHERE type = 'table' AND NOT name = 'sqlite_sequence'
[0m
  [4;35;1mSQL (0.2ms)[0m   [0m SELECT name
 FROM sqlite_master
 WHERE type = 'table' AND NOT name = 'sqlite_sequence'
[0m

NoMethodError (undefined method `validate_content' for #<Class:0x101f51d18>):
  app/models/micropost.rb:2
  app/controllers/microposts_controller.rb:5:in `index'

Rendered rescues/_trace (33.0ms)
Rendered rescues/_request_and_response (0.2ms)
Rendering rescues/layout (internal_server_error)


Processing MicropostsController#index (for 127.0.0.1 at 2011-05-05 14:04:26) [GET]
  [4;36;1mSQL (0.3ms)[0m   [0;1m SELECT name
 FROM sqlite_master
 WHERE type = 'table' AND NOT name = 'sqlite_sequence'
[0m
  [4;35;1mSQL (0.1ms)[0m   [0m SELECT name
 FROM sqlite_master
 WHERE type = 'table' AND NOT name = 'sqlite_sequence'
[0m

NoMethodError (undefined method `validates_content' for #<Class:0x10110d310>):
  app/models/micropost.rb:2
  app/controllers/microposts_controller.rb:5:in `index'

Rendered rescues/_trace (36.5ms)
Rendered rescues/_request_and_response (0.2ms)
Rendering rescues/layout (internal_server_error)


Processing MicropostsController#index (for 127.0.0.1 at 2011-05-05 14:04:26) [GET]
  [4;36;1mSQL (0.3ms)[0m   [0;1m SELECT name
 FROM sqlite_master
 WHERE type = 'table' AND NOT name = 'sqlite_sequence'
[0m
  [4;35;1mSQL (0.2ms)[0m   [0m SELECT name
 FROM sqlite_master
 WHERE type = 'table' AND NOT name = 'sqlite_sequence'
[0m

NoMethodError (undefined method `validates_content' for #<Class:0x101db6440>):
  app/models/micropost.rb:2
  app/controllers/microposts_controller.rb:5:in `index'

Rendered rescues/_trace (70.9ms)
Rendered rescues/_request_and_response (0.2ms)
Rendering rescues/layout (internal_server_error)


Processing MicropostsController#index (for 127.0.0.1 at 2011-05-05 14:06:53) [GET]

ArgumentError (Range unspecified.  Specify the :within, :maximum, :minimum, or :is option.):
  app/models/micropost.rb:2
  app/controllers/microposts_controller.rb:5:in `index'

Rendered rescues/_trace (35.1ms)
Rendered rescues/_request_and_response (0.2ms)
Rendering rescues/layout (internal_server_error)


Processing MicropostsController#index (for 127.0.0.1 at 2011-05-05 14:06:54) [GET]

ArgumentError (Range unspecified.  Specify the :within, :maximum, :minimum, or :is option.):
  app/models/micropost.rb:2
  app/controllers/microposts_controller.rb:5:in `index'

Rendered rescues/_trace (73.0ms)
Rendered rescues/_request_and_response (0.2ms)
Rendering rescues/layout (internal_server_error)


Processing MicropostsController#index (for 127.0.0.1 at 2011-05-05 14:06:56) [GET]

ArgumentError (Range unspecified.  Specify the :within, :maximum, :minimum, or :is option.):
  app/models/micropost.rb:2
  app/controllers/microposts_controller.rb:5:in `index'

Rendered rescues/_trace (34.4ms)
Rendered rescues/_request_and_response (0.2ms)
Rendering rescues/layout (internal_server_error)


Processing MicropostsController#index (for 127.0.0.1 at 2011-05-05 14:07:30) [GET]
  [4;36;1mMicropost Load (0.3ms)[0m   [0;1mSELECT * FROM "microposts" [0m
Rendering template within layouts/microposts
Rendering microposts/index
Completed in 58ms (View: 55, DB: 0) | 200 OK [http://localhost/microposts]


Processing MicropostsController#new (for 127.0.0.1 at 2011-05-05 14:07:34) [GET]
Rendering template within layouts/microposts
Rendering microposts/new
Completed in 9ms (View: 6, DB: 0) | 200 OK [http://localhost/microposts/new]


Processing MicropostsController#create (for 127.0.0.1 at 2011-05-05 14:07:41) [POST]
  Parameters: {"commit"=>"Create", "micropost"=>{"user_id"=>"", "content"=>"snkjnaskjdbaskjbdkjasbdkjasbdkjbaskjdbaskjbdkjsabdkjbasjkdbkajsbdkjsabdkjbasjkdbaskjbdkasbdkjsabkjdbà"}, "authenticity_token"=>"AS3zzYBUJs/IEqcMxaS/oHbj/Hym1vaflgpp6dqqIKw="}
  [4;35;1mMicropost Create (0.3ms)[0m   [0mINSERT INTO "microposts" ("created_at", "updated_at", "user_id", "content") VALUES('2011-05-05 18:07:41', '2011-05-05 18:07:41', NULL, 'snkjnaskjdbaskjbdkjasbdkjasbdkjbaskjdbaskjbdkjsabdkjbasjkdbkajsbdkjsabdkjbasjkdbaskjbdkasbdkjsabkjdbà')[0m
Redirected to http://localhost:3000/microposts/2
Completed in 107ms (DB: 0) | 302 Found [http://localhost/microposts]


Processing MicropostsController#show (for 127.0.0.1 at 2011-05-05 14:07:41) [GET]
  Parameters: {"id"=>"2"}
  [4;36;1mMicropost Load (0.1ms)[0m   [0;1mSELECT * FROM "microposts" WHERE ("microposts"."id" = 2) [0m
Rendering template within layouts/microposts
Rendering microposts/show
Completed in 9ms (View: 5, DB: 0) | 200 OK [http://localhost/microposts/2]


Processing MicropostsController#index (for 127.0.0.1 at 2011-05-05 14:07:48) [GET]
  [4;35;1mMicropost Load (0.4ms)[0m   [0mSELECT * FROM "microposts" [0m
Rendering template within layouts/microposts
Rendering microposts/index
Completed in 10ms (View: 7, DB: 0) | 200 OK [http://localhost/microposts]


Processing MicropostsController#destroy (for 127.0.0.1 at 2011-05-05 14:07:51) [DELETE]
  Parameters: {"authenticity_token"=>"AS3zzYBUJs/IEqcMxaS/oHbj/Hym1vaflgpp6dqqIKw=", "id"=>"2"}
  [4;36;1mMicropost Load (0.3ms)[0m   [0;1mSELECT * FROM "microposts" WHERE ("microposts"."id" = 2) [0m
  [4;35;1mMicropost Destroy (0.5ms)[0m   [0mDELETE FROM "microposts" WHERE "id" = 2[0m
Redirected to http://localhost:3000/microposts
Completed in 8ms (DB: 1) | 302 Found [http://localhost/microposts/2]


Processing MicropostsController#index (for 127.0.0.1 at 2011-05-05 14:07:51) [GET]
  [4;36;1mMicropost Load (0.4ms)[0m   [0;1mSELECT * FROM "microposts" [0m
Rendering template within layouts/microposts
Rendering microposts/index
Completed in 10ms (View: 7, DB: 0) | 200 OK [http://localhost/microposts]


Processing MicropostsController#new (for 127.0.0.1 at 2011-05-05 14:07:52) [GET]
Rendering template within layouts/microposts
Rendering microposts/new
Completed in 40ms (View: 3, DB: 0) | 200 OK [http://localhost/microposts/new]


Processing MicropostsController#create (for 127.0.0.1 at 2011-05-05 14:08:04) [POST]
  Parameters: {"commit"=>"Create", "micropost"=>{"user_id"=>"aaaaa aaaaaaaaa aaaaaaaaa aaaaaaaaa aaaaaaaaa aaaaaaaaa aaaaaaaaa aaaaaaaaa aaaaaaaaa aaaaaaaaa aaaaaaaaa aaaaaaaaa aaaaaaaaa aaaaaaaaa aaaaaaaaa aaaaaaaaa aaaaaaaaa aaaaaaaaa aaaaaaaaa aaaaaaaaa aaaa", "content"=>"aaaaa aaaaaaaaa aaaaaaaaa aaaaaaaaa aaaaaaaaa aaaaaaaaa aaaaaaaaa aaaaaaaaa aaaaaaaaa aaaaaaaaa aaaaaaaaa aaaaaaaaa aaaaaaaaa aaaaaaaaa aaaaaaaaa aaaaaaaaa aaaaaaaaa aaaaaaaaa aaaaaaaaa aaaaaaaaa aaaa"}, "authenticity_token"=>"AS3zzYBUJs/IEqcMxaS/oHbj/Hym1vaflgpp6dqqIKw="}
Rendering template within layouts/microposts
Rendering microposts/new
Completed in 12ms (View: 7, DB: 0) | 200 OK [http://localhost/microposts]


Processing MicropostsController#index (for 127.0.0.1 at 2011-05-05 14:09:42) [GET]
  [4;35;1mMicropost Load (0.3ms)[0m   [0mSELECT * FROM "microposts" [0m
Rendering template within layouts/microposts
Rendering microposts/index
Completed in 7ms (View: 4, DB: 0) | 200 OK [http://localhost/microposts]
  [4;36;1mUser Load (0.3ms)[0m   [0;1mSELECT * FROM "users" LIMIT 1[0m
  [4;35;1mSQL (0.3ms)[0m   [0m SELECT name
 FROM sqlite_master
 WHERE type = 'table' AND NOT name = 'sqlite_sequence'
[0m
  [4;36;1mSQL (0.2ms)[0m   [0;1m SELECT name
 FROM sqlite_master
 WHERE type = 'table' AND NOT name = 'sqlite_sequence'
[0m
  [4;35;1mSQL (0.2ms)[0m   [0m SELECT name
 FROM sqlite_master
 WHERE type = 'table' AND NOT name = 'sqlite_sequence'
[0m
  [4;36;1mSQL (0.1ms)[0m   [0;1m SELECT name
 FROM sqlite_master
 WHERE type = 'table' AND NOT name = 'sqlite_sequence'
[0m
  [4;36;1mUser Load (0.3ms)[0m   [0;1mSELECT * FROM "users" LIMIT 1[0m
  [4;35;1mSQL (0.3ms)[0m   [0m SELECT name
 FROM sqlite_master
 WHERE type = 'table' AND NOT name = 'sqlite_sequence'
[0m
  [4;36;1mSQL (0.2ms)[0m   [0;1m SELECT name
 FROM sqlite_master
 WHERE type = 'table' AND NOT name = 'sqlite_sequence'
[0m
  [4;35;1mSQL (0.2ms)[0m   [0m SELECT name
 FROM sqlite_master
 WHERE type = 'table' AND NOT name = 'sqlite_sequence'
[0m
  [4;36;1mSQL (0.3ms)[0m   [0;1m SELECT name
 FROM sqlite_master
 WHERE type = 'table' AND NOT name = 'sqlite_sequence'
[0m
  [4;36;1mUser Load (0.3ms)[0m   [0;1mSELECT * FROM "users" LIMIT 1[0m
  [4;35;1mMicropost Load (0.1ms)[0m   [0mSELECT * FROM "microposts" WHERE ("microposts".user_id = 1) [0m


Processing UsersController#index (for 127.0.0.1 at 2011-05-05 14:31:17) [GET]
  [4;36;1mUser Load (0.4ms)[0m   [0;1mSELECT * FROM "users" [0m
Rendering template within layouts/users
Rendering users/index
Completed in 32ms (View: 24, DB: 0) | 200 OK [http://0.0.0.0/users/]


Processing UsersController#index to micropost (for 127.0.0.1 at 2011-05-05 14:31:23) [GET]
  [4;35;1mUser Load (0.4ms)[0m   [0mSELECT * FROM "users" [0m
Completed in 5ms (View: 0, DB: 0) | 406 Not Acceptable [http://0.0.0.0/users.micropost]


Processing UsersController#index to microposts (for 127.0.0.1 at 2011-05-05 14:31:27) [GET]
  [4;36;1mUser Load (0.4ms)[0m   [0;1mSELECT * FROM "users" [0m
Completed in 4ms (View: 0, DB: 0) | 406 Not Acceptable [http://0.0.0.0/users.microposts]


Processing UsersController#index (for 127.0.0.1 at 2011-05-05 14:31:30) [GET]
  [4;35;1mUser Load (0.4ms)[0m   [0mSELECT * FROM "users" [0m
Rendering template within layouts/users
Rendering users/index
Completed in 39ms (View: 6, DB: 0) | 200 OK [http://0.0.0.0/users]
